<?xml version="1.0" encoding="UTF-8" ?>
<testsuites>
  <testsuite errors="0" failures="0" hostname="Daniel-Acer" id="0" name="AuthorisationFlowTests" package="org.seethrough.glass" tests="1" time="0.754" timestamp="2013-07-11T21:27:28">
      <properties />

      <testcase classname="org.seethrough.glass.AuthorisationFlowTests" name="testRedirectsToGoogleOAuthSite" time="0.746" />

      <system-out><![CDATA[--Output from testRedirectsToGoogleOAuthSite--
]]></system-out>

      <system-err><![CDATA[--Output from testRedirectsToGoogleOAuthSite--
]]></system-err>

  </testsuite>
  <testsuite errors="0" failures="0" hostname="Daniel-Acer" id="1" name="CredentialStoreTests" package="org.seethrough.glass" tests="2" time="0.393" timestamp="2013-07-11T21:27:29">
      <properties />

      <testcase classname="org.seethrough.glass.CredentialStoreTests" name="testSaveCredentials" time="0.365" />

      <testcase classname="org.seethrough.glass.CredentialStoreTests" name="testUpdateCredentials" time="0.018" />

      <system-out><![CDATA[--Output from testSaveCredentials--
--Output from testUpdateCredentials--
]]></system-out>

      <system-err><![CDATA[--Output from testSaveCredentials--
--Output from testUpdateCredentials--
]]></system-err>

  </testsuite>
  <testsuite errors="0" failures="0" hostname="Daniel-Acer" id="2" name="MailServiceIntegrationTests" package="org.seethrough.glass" tests="1" time="2.496" timestamp="2013-07-11T21:27:29">
      <properties />

      <testcase classname="org.seethrough.glass.MailServiceIntegrationTests" name="testConnectToGMail" time="2.495" />

      <system-out><![CDATA[--Output from testConnectToGMail--
]]></system-out>

      <system-err><![CDATA[--Output from testConnectToGMail--
]]></system-err>

  </testsuite>
  <testsuite errors="0" failures="1" hostname="Daniel-Acer" id="3" name="NotifyControllerTests" package="org.seethrough.glass" tests="1" time="1.75" timestamp="2013-07-11T21:27:17">
      <properties />

      <testcase classname="org.seethrough.glass.NotifyControllerTests" name="testSomething" time="1.623">
          <failure message="junit.framework.AssertionFailedError: Implement me" type="junit.framework.AssertionFailedError">junit.framework.AssertionFailedError: junit.framework.AssertionFailedError: Implement me
	at org.seethrough.glass.NotifyControllerTests.testSomething(NotifyControllerTests.groovy:15)
</failure>

      </testcase>

      <system-out><![CDATA[--Output from testSomething--
]]></system-out>

      <system-err><![CDATA[--Output from testSomething--
]]></system-err>

  </testsuite>
  <testsuite errors="0" failures="1" hostname="Daniel-Acer" id="4" name="NotifyServiceTests" package="org.seethrough.glass" tests="1" time="0.068" timestamp="2013-07-11T21:27:19">
      <properties />

      <testcase classname="org.seethrough.glass.NotifyServiceTests" name="testSomething" time="0.065">
          <failure message="junit.framework.AssertionFailedError: Implement me" type="junit.framework.AssertionFailedError">junit.framework.AssertionFailedError: junit.framework.AssertionFailedError: Implement me
	at org.seethrough.glass.NotifyServiceTests.testSomething(NotifyServiceTests.groovy:15)
</failure>

      </testcase>

      <system-out><![CDATA[--Output from testSomething--
]]></system-out>

      <system-err><![CDATA[--Output from testSomething--
]]></system-err>

  </testsuite>
</testsuites>
